<?xml version="1.0" encoding="UTF-8"?>
<!-- Generated by org.testng.reporters.JUnitXMLReporter -->
<testsuite ignored="0" hostname="TVDI-018" failures="0" tests="5" name="Test" time="132.705" errors="0" timestamp="2023-11-27T17:52:51 IST">
  <testcase classname="org.Testcases.LoginTest" name="loginpage" time="0.263"/>
  <testcase classname="org.Testcases.AccountCreation" name="accountCreationPC" time="10.053"/>
  <testcase classname="org.Testcases.New_Submission_PA" name="new_Submission_PA" time="41.693"/>
  <testcase classname="org.Testcases.Policy_Cancel" name="new_Submission_PA" time="41.471"/>
  <testcase classname="org.Testcases.Policy_Cancel" name="policy_Cancel" time="12.166"/>
</testsuite> <!-- Test -->
