<?xml version="1.0" encoding="UTF-8"?>
<testng-results ignored="0" total="5" passed="5" failed="0" skipped="0">
  <reporter-output>
  </reporter-output>
  <suite started-at="2023-11-27T17:50:38 IST" name="Suite" finished-at="2023-11-27T17:52:51 IST" duration-ms="132705">
    <groups>
    </groups>
    <test started-at="2023-11-27T17:50:38 IST" name="Test" finished-at="2023-11-27T17:52:51 IST" duration-ms="132705">
      <class name="org.Testcases.Policy_Cancel">
        <test-method is-config="true" signature="LanchApplication()[pri:0, instance:org.Testcases.Policy_Cancel@27f981c6]" started-at="2023-11-27T17:51:51 IST" name="LanchApplication" finished-at="2023-11-27T17:51:57 IST" duration-ms="6077" status="PASS">
          <reporter-output>
          </reporter-output>
        </test-method> <!-- LanchApplication -->
        <test-method signature="new_Submission_PA()[pri:0, instance:org.Testcases.Policy_Cancel@27f981c6]" started-at="2023-11-27T17:51:57 IST" name="new_Submission_PA" finished-at="2023-11-27T17:52:39 IST" duration-ms="41471" status="PASS">
          <reporter-output>
          </reporter-output>
        </test-method> <!-- new_Submission_PA -->
        <test-method signature="policy_Cancel()[pri:1, instance:org.Testcases.Policy_Cancel@27f981c6]" started-at="2023-11-27T17:52:39 IST" name="policy_Cancel" finished-at="2023-11-27T17:52:51 IST" duration-ms="12166" status="PASS">
          <reporter-output>
          </reporter-output>
        </test-method> <!-- policy_Cancel -->
      </class> <!-- org.Testcases.Policy_Cancel -->
      <class name="org.Testcases.LoginTest">
        <test-method is-config="true" signature="LanchApplication()[pri:0, instance:org.Testcases.LoginTest@82de64a]" started-at="2023-11-27T17:50:50 IST" name="LanchApplication" finished-at="2023-11-27T17:50:55 IST" duration-ms="4473" status="PASS">
          <reporter-output>
          </reporter-output>
        </test-method> <!-- LanchApplication -->
        <test-method signature="loginpage()[pri:0, instance:org.Testcases.LoginTest@82de64a]" started-at="2023-11-27T17:50:59 IST" name="loginpage" finished-at="2023-11-27T17:51:00 IST" duration-ms="263" status="PASS">
          <reporter-output>
          </reporter-output>
        </test-method> <!-- loginpage -->
      </class> <!-- org.Testcases.LoginTest -->
      <class name="org.Testcases.AccountCreation">
        <test-method is-config="true" signature="LanchApplication()[pri:0, instance:org.Testcases.AccountCreation@47d9a273]" started-at="2023-11-27T17:50:38 IST" name="LanchApplication" finished-at="2023-11-27T17:50:50 IST" duration-ms="11791" status="PASS">
          <reporter-output>
          </reporter-output>
        </test-method> <!-- LanchApplication -->
        <test-method signature="accountCreationPC()[pri:0, instance:org.Testcases.AccountCreation@47d9a273]" started-at="2023-11-27T17:51:00 IST" name="accountCreationPC" finished-at="2023-11-27T17:51:10 IST" duration-ms="10053" status="PASS">
          <reporter-output>
          </reporter-output>
        </test-method> <!-- accountCreationPC -->
      </class> <!-- org.Testcases.AccountCreation -->
      <class name="org.Testcases.New_Submission_PA">
        <test-method is-config="true" signature="LanchApplication()[pri:0, instance:org.Testcases.New_Submission_PA@4b8ee4de]" started-at="2023-11-27T17:50:55 IST" name="LanchApplication" finished-at="2023-11-27T17:50:59 IST" duration-ms="4585" status="PASS">
          <reporter-output>
          </reporter-output>
        </test-method> <!-- LanchApplication -->
        <test-method signature="new_Submission_PA()[pri:0, instance:org.Testcases.New_Submission_PA@4b8ee4de]" started-at="2023-11-27T17:51:10 IST" name="new_Submission_PA" finished-at="2023-11-27T17:51:51 IST" duration-ms="41693" status="PASS">
          <reporter-output>
          </reporter-output>
        </test-method> <!-- new_Submission_PA -->
      </class> <!-- org.Testcases.New_Submission_PA -->
    </test> <!-- Test -->
  </suite> <!-- Suite -->
</testng-results>
