<?xml version="1.0" encoding="UTF-8"?>
<testng-results ignored="0" total="1" passed="1" failed="0" skipped="0">
  <reporter-output>
  </reporter-output>
  <suite started-at="2023-11-23T14:18:18 IST" name="Default suite" finished-at="2023-11-23T14:18:28 IST" duration-ms="9696">
    <groups>
    </groups>
    <test started-at="2023-11-23T14:18:18 IST" name="Default test" finished-at="2023-11-23T14:18:28 IST" duration-ms="9696">
      <class name="org.Testcases.LoginTest">
        <test-method is-config="true" signature="LanchApplication()[pri:0, instance:org.Testcases.LoginTest@316bcf94]" started-at="2023-11-23T14:18:18 IST" name="LanchApplication" finished-at="2023-11-23T14:18:28 IST" duration-ms="9376" status="PASS">
          <reporter-output>
          </reporter-output>
        </test-method> <!-- LanchApplication -->
        <test-method signature="loginpage()[pri:0, instance:org.Testcases.LoginTest@316bcf94]" started-at="2023-11-23T14:18:28 IST" name="loginpage" finished-at="2023-11-23T14:18:28 IST" duration-ms="238" status="PASS">
          <reporter-output>
          </reporter-output>
        </test-method> <!-- loginpage -->
      </class> <!-- org.Testcases.LoginTest -->
    </test> <!-- Default test -->
  </suite> <!-- Default suite -->
</testng-results>
